2023-03-05 11:09:16,205 - auth - INFO - auth_to_1c - 35 - auth_to_1c - OK
2023-03-05 11:09:16,208 - xmlcreator - INFO - create_xml - 39 - create_xml - OK
2023-03-05 11:09:16,210 - archiver - INFO - xml_to_zip - 27 - xml_to_zip - OK
2023-03-05 11:09:16,417 - __main__ - INFO - put_data_to_web_1c - 44 - PutFilePart - OK
2023-03-05 11:09:22,769 - __main__ - INFO - put_data_to_web_1c - 68 - {
    'return': 'Active',
    'ErrorMessage': None
}
2023-03-05 11:22:08,746 - auth - INFO - auth_to_1c - 35 - auth_to_1c - OK
2023-03-05 11:22:08,751 - archiver - INFO - xml_to_zip - 27 - xml_to_zip - OK
2023-03-05 11:22:09,265 - __main__ - INFO - put_data_to_web_1c - 44 - PutFilePart - OK
2023-03-05 11:22:15,564 - __main__ - INFO - put_data_to_web_1c - 68 - {
    'return': 'Active',
    'ErrorMessage': None
}
2023-03-05 11:23:23,798 - auth - INFO - auth_to_1c - 35 - auth_to_1c - OK
2023-03-05 11:23:23,799 - main - INFO - create_xml - 30 - create_xml - OK
2023-03-05 11:23:23,800 - archiver - INFO - xml_to_zip - 27 - xml_to_zip - OK
2023-03-05 11:23:24,005 - main - INFO - put_data_to_web_1c - 44 - PutFilePart - OK
2023-03-05 11:23:30,331 - main - INFO - put_data_to_web_1c - 68 - {
    'return': 'Active',
    'ErrorMessage': None
}
2023-03-05 11:23:51,322 - auth - INFO - auth_to_1c - 35 - auth_to_1c - OK
2023-03-05 11:23:51,325 - archiver - INFO - xml_to_zip - 27 - xml_to_zip - OK
2023-03-05 11:23:51,532 - main - INFO - put_data_to_web_1c - 44 - PutFilePart - OK
2023-03-05 11:23:57,058 - main - INFO - put_data_to_web_1c - 68 - {
    'return': 'Failed',
    'ErrorMessage': 'Ошибка формата файла обмена\n{ОбщийМодуль.ОбменДаннымиСлужебный.Модуль(552)}:ВызватьИсключение СообщениеОбОшибке;\n{(1)}:ОбменДаннымиСлужебный.ЗагрузитьДанныеXDTOВИнформационнуюБазу(Параметры[0],Параметры[1])\n{ОбщийМодуль.ОбщегоНазначения.Модуль(4883)}:Выполнить ИмяМетода + "(" + ПараметрыСтрока + ")";\n{ОбщийМодуль.ДлительныеОперации.Модуль(1026)}:ОбщегоНазначения.ВыполнитьМетодКонфигурации(ИмяПроцедуры, ПараметрыВызова);\n{ОбщийМодуль.ДлительныеОперации.Модуль(1016)}:ВызватьПроцедуру(ВсеПараметры.ИмяПроцедуры, ВсеПараметры.ПараметрыПроцедуры);\n'
}
2023-03-05 11:24:07,504 - auth - INFO - auth_to_1c - 35 - auth_to_1c - OK
2023-03-05 11:24:07,508 - archiver - INFO - xml_to_zip - 27 - xml_to_zip - OK
2023-03-05 11:24:07,716 - main - INFO - put_data_to_web_1c - 44 - PutFilePart - OK
2023-03-05 11:24:13,340 - main - INFO - put_data_to_web_1c - 68 - {
    'return': 'Failed',
    'ErrorMessage': 'Ошибка формата файла обмена\n{ОбщийМодуль.ОбменДаннымиСлужебный.Модуль(552)}:ВызватьИсключение СообщениеОбОшибке;\n{(1)}:ОбменДаннымиСлужебный.ЗагрузитьДанныеXDTOВИнформационнуюБазу(Параметры[0],Параметры[1])\n{ОбщийМодуль.ОбщегоНазначения.Модуль(4883)}:Выполнить ИмяМетода + "(" + ПараметрыСтрока + ")";\n{ОбщийМодуль.ДлительныеОперации.Модуль(1026)}:ОбщегоНазначения.ВыполнитьМетодКонфигурации(ИмяПроцедуры, ПараметрыВызова);\n{ОбщийМодуль.ДлительныеОперации.Модуль(1016)}:ВызватьПроцедуру(ВсеПараметры.ИмяПроцедуры, ВсеПараметры.ПараметрыПроцедуры);\n'
}
2023-03-05 11:25:06,182 - INFO - auth_to_1c - 26 - auth_to_1c - OK
2023-03-05 11:25:06,185 - INFO - create_xml - 30 - create_xml - OK
2023-03-05 11:25:06,186 - INFO - xml_to_zip - 18 - xml_to_zip - OK
2023-03-05 11:25:06,390 - INFO - put_data_to_web_1c - 44 - PutFilePart - OK
2023-03-05 11:25:12,020 - INFO - put_data_to_web_1c - 68 - {
    'return': 'Canceled',
    'ErrorMessage': None
}
2023-03-05 11:25:25,124 - INFO - auth_to_1c - 26 - auth_to_1c - OK
2023-03-05 11:25:25,127 - INFO - create_xml - 30 - create_xml - OK
2023-03-05 11:25:25,128 - INFO - xml_to_zip - 18 - xml_to_zip - OK
2023-03-05 11:25:25,337 - INFO - put_data_to_web_1c - 44 - PutFilePart - OK
2023-03-05 11:25:31,677 - INFO - put_data_to_web_1c - 68 - {
    'return': 'Active',
    'ErrorMessage': None
}
2023-03-05 11:26:04,551 - INFO - auth_to_1c - 26 - auth_to_1c - OK
2023-03-05 11:26:04,555 - INFO - create_xml - 30 - create_xml - OK
2023-03-05 11:26:04,557 - INFO - xml_to_zip - 18 - xml_to_zip - OK
2023-03-05 11:26:04,765 - INFO - put_data_to_web_1c - 44 - PutFilePart - OK
2023-03-05 11:26:08,440 - INFO - put_data_to_web_1c - 68 - {
    'return': 'Failed',
    'ErrorMessage': 'Ошибка формата файла обмена\n{ОбщийМодуль.ОбменДаннымиСлужебный.Модуль(552)}:ВызватьИсключение СообщениеОбОшибке;\n{(1)}:ОбменДаннымиСлужебный.ЗагрузитьДанныеXDTOВИнформационнуюБазу(Параметры[0],Параметры[1])\n{ОбщийМодуль.ОбщегоНазначения.Модуль(4883)}:Выполнить ИмяМетода + "(" + ПараметрыСтрока + ")";\n{ОбщийМодуль.ДлительныеОперации.Модуль(1026)}:ОбщегоНазначения.ВыполнитьМетодКонфигурации(ИмяПроцедуры, ПараметрыВызова);\n{ОбщийМодуль.ДлительныеОперации.Модуль(1016)}:ВызватьПроцедуру(ВсеПараметры.ИмяПроцедуры, ВсеПараметры.ПараметрыПроцедуры);\n'
}
2023-03-05 11:26:09,973 - INFO - auth_to_1c - 26 - auth_to_1c - OK
2023-03-05 11:26:09,974 - INFO - create_xml - 30 - create_xml - OK
2023-03-05 11:26:09,975 - INFO - xml_to_zip - 18 - xml_to_zip - OK
2023-03-05 11:26:10,180 - INFO - put_data_to_web_1c - 44 - PutFilePart - OK
2023-03-05 11:26:13,766 - INFO - put_data_to_web_1c - 68 - {
    'return': 'Failed',
    'ErrorMessage': 'Ошибка формата файла обмена\n{ОбщийМодуль.ОбменДаннымиСлужебный.Модуль(552)}:ВызватьИсключение СообщениеОбОшибке;\n{(1)}:ОбменДаннымиСлужебный.ЗагрузитьДанныеXDTOВИнформационнуюБазу(Параметры[0],Параметры[1])\n{ОбщийМодуль.ОбщегоНазначения.Модуль(4883)}:Выполнить ИмяМетода + "(" + ПараметрыСтрока + ")";\n{ОбщийМодуль.ДлительныеОперации.Модуль(1026)}:ОбщегоНазначения.ВыполнитьМетодКонфигурации(ИмяПроцедуры, ПараметрыВызова);\n{ОбщийМодуль.ДлительныеОперации.Модуль(1016)}:ВызватьПроцедуру(ВсеПараметры.ИмяПроцедуры, ВсеПараметры.ПараметрыПроцедуры);\n'
}
2023-03-05 11:26:21,445 - INFO - auth_to_1c - 26 - auth_to_1c - OK
2023-03-05 11:26:21,448 - INFO - create_xml - 30 - create_xml - OK
2023-03-05 11:26:21,450 - INFO - xml_to_zip - 18 - xml_to_zip - OK
2023-03-05 11:26:21,659 - INFO - put_data_to_web_1c - 44 - PutFilePart - OK
2023-03-05 11:26:28,206 - INFO - put_data_to_web_1c - 68 - {
    'return': 'Failed',
    'ErrorMessage': 'Ошибка формата файла обмена\n{ОбщийМодуль.ОбменДаннымиСлужебный.Модуль(552)}:ВызватьИсключение СообщениеОбОшибке;\n{(1)}:ОбменДаннымиСлужебный.ЗагрузитьДанныеXDTOВИнформационнуюБазу(Параметры[0],Параметры[1])\n{ОбщийМодуль.ОбщегоНазначения.Модуль(4883)}:Выполнить ИмяМетода + "(" + ПараметрыСтрока + ")";\n{ОбщийМодуль.ДлительныеОперации.Модуль(1026)}:ОбщегоНазначения.ВыполнитьМетодКонфигурации(ИмяПроцедуры, ПараметрыВызова);\n{ОбщийМодуль.ДлительныеОперации.Модуль(1016)}:ВызватьПроцедуру(ВсеПараметры.ИмяПроцедуры, ВсеПараметры.ПараметрыПроцедуры);\n'
}
2023-03-05 11:26:29,842 - INFO - auth_to_1c - 26 - auth_to_1c - OK
2023-03-05 11:26:29,845 - INFO - create_xml - 30 - create_xml - OK
2023-03-05 11:26:29,847 - INFO - xml_to_zip - 18 - xml_to_zip - OK
2023-03-05 11:26:30,053 - INFO - put_data_to_web_1c - 44 - PutFilePart - OK
2023-03-05 11:26:36,599 - INFO - put_data_to_web_1c - 68 - {
    'return': 'Canceled',
    'ErrorMessage': None
}
